2025-03-16 12:19:51,943 - httpx - INFO - HTTP Request: POST https://api.telegram.org/bot7688760570:AAFxql5tfEBIkBvwche2Zj_74zRUuVlS7rY/getMe "HTTP/1.1 200 OK"
2025-03-16 12:19:52,109 - httpx - INFO - HTTP Request: POST https://api.telegram.org/bot7688760570:AAFxql5tfEBIkBvwche2Zj_74zRUuVlS7rY/deleteWebhook "HTTP/1.1 200 OK"
2025-03-16 12:19:52,110 - telegram.ext.Application - INFO - Application started
2025-03-16 12:20:02,648 - httpx - INFO - HTTP Request: POST https://api.telegram.org/bot7688760570:AAFxql5tfEBIkBvwche2Zj_74zRUuVlS7rY/getUpdates "HTTP/1.1 200 OK"
2025-03-16 12:20:12,829 - httpx - INFO - HTTP Request: POST https://api.telegram.org/bot7688760570:AAFxql5tfEBIkBvwche2Zj_74zRUuVlS7rY/getUpdates "HTTP/1.1 200 OK"
2025-03-16 12:20:23,010 - httpx - INFO - HTTP Request: POST https://api.telegram.org/bot7688760570:AAFxql5tfEBIkBvwche2Zj_74zRUuVlS7rY/getUpdates "HTTP/1.1 200 OK"
2025-03-16 12:20:33,222 - httpx - INFO - HTTP Request: POST https://api.telegram.org/bot7688760570:AAFxql5tfEBIkBvwche2Zj_74zRUuVlS7rY/getUpdates "HTTP/1.1 200 OK"
2025-03-16 12:20:43,533 - httpx - INFO - HTTP Request: POST https://api.telegram.org/bot7688760570:AAFxql5tfEBIkBvwche2Zj_74zRUuVlS7rY/getUpdates "HTTP/1.1 200 OK"
2025-03-16 12:20:53,717 - httpx - INFO - HTTP Request: POST https://api.telegram.org/bot7688760570:AAFxql5tfEBIkBvwche2Zj_74zRUuVlS7rY/getUpdates "HTTP/1.1 200 OK"
2025-03-16 12:21:03,896 - httpx - INFO - HTTP Request: POST https://api.telegram.org/bot7688760570:AAFxql5tfEBIkBvwche2Zj_74zRUuVlS7rY/getUpdates "HTTP/1.1 200 OK"
2025-03-16 12:21:04,779 - httpx - INFO - HTTP Request: POST https://api.telegram.org/bot7688760570:AAFxql5tfEBIkBvwche2Zj_74zRUuVlS7rY/getUpdates "HTTP/1.1 200 OK"
2025-03-16 12:21:05,607 - httpx - INFO - HTTP Request: POST https://api.telegram.org/bot7688760570:AAFxql5tfEBIkBvwche2Zj_74zRUuVlS7rY/sendMessage "HTTP/1.1 200 OK"
2025-03-16 12:21:08,583 - httpx - INFO - HTTP Request: POST https://api.telegram.org/bot7688760570:AAFxql5tfEBIkBvwche2Zj_74zRUuVlS7rY/getUpdates "HTTP/1.1 200 OK"
2025-03-16 12:21:08,964 - httpx - INFO - HTTP Request: POST https://api.telegram.org/bot7688760570:AAFxql5tfEBIkBvwche2Zj_74zRUuVlS7rY/sendMessage "HTTP/1.1 200 OK"
The chromedriver version (133.0.6943.141) detected in PATH at /usr/local/bin/chromedriver might not be compatible with the detected chrome version (134.0.6998.89); currently, chromedriver 134.0.6998.88 is recommended for chrome 134.*, so it is advised to delete the driver in PATH and retry
2025-03-16 12:21:18,768 - httpx - INFO - HTTP Request: POST https://api.telegram.org/bot7688760570:AAFxql5tfEBIkBvwche2Zj_74zRUuVlS7rY/getUpdates "HTTP/1.1 200 OK"
2025-03-16 12:21:28,961 - httpx - INFO - HTTP Request: POST https://api.telegram.org/bot7688760570:AAFxql5tfEBIkBvwche2Zj_74zRUuVlS7rY/getUpdates "HTTP/1.1 200 OK"
2025-03-16 12:21:39,152 - httpx - INFO - HTTP Request: POST https://api.telegram.org/bot7688760570:AAFxql5tfEBIkBvwche2Zj_74zRUuVlS7rY/getUpdates "HTTP/1.1 200 OK"
2025-03-16 12:21:55,089 - httpx - INFO - HTTP Request: POST https://api.telegram.org/bot7688760570:AAFxql5tfEBIkBvwche2Zj_74zRUuVlS7rY/getUpdates "HTTP/1.1 200 OK"
2025-03-16 12:21:55,271 - httpx - INFO - HTTP Request: POST https://api.telegram.org/bot7688760570:AAFxql5tfEBIkBvwche2Zj_74zRUuVlS7rY/getUpdates "HTTP/1.1 200 OK"
2025-03-16 12:21:55,747 - httpx - INFO - HTTP Request: POST https://api.telegram.org/bot7688760570:AAFxql5tfEBIkBvwche2Zj_74zRUuVlS7rY/sendMessage "HTTP/1.1 200 OK"
2025-03-16 12:21:56,119 - httpx - INFO - HTTP Request: POST https://api.telegram.org/bot7688760570:AAFxql5tfEBIkBvwche2Zj_74zRUuVlS7rY/sendMessage "HTTP/1.1 200 OK"
The chromedriver version (133.0.6943.141) detected in PATH at /usr/local/bin/chromedriver might not be compatible with the detected chrome version (134.0.6998.89); currently, chromedriver 134.0.6998.88 is recommended for chrome 134.*, so it is advised to delete the driver in PATH and retry
2025-03-16 12:21:58,260 - httpx - INFO - HTTP Request: POST https://api.telegram.org/bot7688760570:AAFxql5tfEBIkBvwche2Zj_74zRUuVlS7rY/getUpdates "HTTP/1.1 200 OK"
2025-03-16 12:21:58,598 - httpx - INFO - HTTP Request: POST https://api.telegram.org/bot7688760570:AAFxql5tfEBIkBvwche2Zj_74zRUuVlS7rY/sendMessage "HTTP/1.1 200 OK"
The chromedriver version (133.0.6943.141) detected in PATH at /usr/local/bin/chromedriver might not be compatible with the detected chrome version (134.0.6998.89); currently, chromedriver 134.0.6998.88 is recommended for chrome 134.*, so it is advised to delete the driver in PATH and retry
2025-03-16 12:22:08,452 - httpx - INFO - HTTP Request: POST https://api.telegram.org/bot7688760570:AAFxql5tfEBIkBvwche2Zj_74zRUuVlS7rY/getUpdates "HTTP/1.1 200 OK"
2025-03-16 12:23:21,378 - httpx - INFO - HTTP Request: POST https://api.telegram.org/bot7688760570:AAFxql5tfEBIkBvwche2Zj_74zRUuVlS7rY/getUpdates "HTTP/1.1 200 OK"
2025-03-16 12:23:22,102 - httpx - INFO - HTTP Request: POST https://api.telegram.org/bot7688760570:AAFxql5tfEBIkBvwche2Zj_74zRUuVlS7rY/sendMessage "HTTP/1.1 200 OK"
2025-03-16 12:23:22,499 - httpx - INFO - HTTP Request: POST https://api.telegram.org/bot7688760570:AAFxql5tfEBIkBvwche2Zj_74zRUuVlS7rY/sendMessage "HTTP/1.1 200 OK"
The chromedriver version (133.0.6943.141) detected in PATH at /usr/local/bin/chromedriver might not be compatible with the detected chrome version (134.0.6998.89); currently, chromedriver 134.0.6998.88 is recommended for chrome 134.*, so it is advised to delete the driver in PATH and retry
2025-03-16 12:23:22,858 - httpx - INFO - HTTP Request: POST https://api.telegram.org/bot7688760570:AAFxql5tfEBIkBvwche2Zj_74zRUuVlS7rY/sendMessage "HTTP/1.1 200 OK"
2025-03-16 12:23:31,549 - httpx - INFO - HTTP Request: POST https://api.telegram.org/bot7688760570:AAFxql5tfEBIkBvwche2Zj_74zRUuVlS7rY/getUpdates "HTTP/1.1 200 OK"
2025-03-16 12:23:41,717 - httpx - INFO - HTTP Request: POST https://api.telegram.org/bot7688760570:AAFxql5tfEBIkBvwche2Zj_74zRUuVlS7rY/getUpdates "HTTP/1.1 200 OK"
2025-03-16 12:23:51,885 - httpx - INFO - HTTP Request: POST https://api.telegram.org/bot7688760570:AAFxql5tfEBIkBvwche2Zj_74zRUuVlS7rY/getUpdates "HTTP/1.1 200 OK"
2025-03-16 12:23:52,983 - httpx - INFO - HTTP Request: POST https://api.telegram.org/bot7688760570:AAFxql5tfEBIkBvwche2Zj_74zRUuVlS7rY/getUpdates "HTTP/1.1 200 OK"
2025-03-16 12:23:53,658 - httpx - INFO - HTTP Request: POST https://api.telegram.org/bot7688760570:AAFxql5tfEBIkBvwche2Zj_74zRUuVlS7rY/sendMessage "HTTP/1.1 200 OK"
The chromedriver version (133.0.6943.141) detected in PATH at /usr/local/bin/chromedriver might not be compatible with the detected chrome version (134.0.6998.89); currently, chromedriver 134.0.6998.88 is recommended for chrome 134.*, so it is advised to delete the driver in PATH and retry
2025-03-16 12:24:03,155 - httpx - INFO - HTTP Request: POST https://api.telegram.org/bot7688760570:AAFxql5tfEBIkBvwche2Zj_74zRUuVlS7rY/getUpdates "HTTP/1.1 200 OK"
2025-03-16 12:24:13,315 - httpx - INFO - HTTP Request: POST https://api.telegram.org/bot7688760570:AAFxql5tfEBIkBvwche2Zj_74zRUuVlS7rY/getUpdates "HTTP/1.1 200 OK"
2025-03-16 12:24:23,480 - httpx - INFO - HTTP Request: POST https://api.telegram.org/bot7688760570:AAFxql5tfEBIkBvwche2Zj_74zRUuVlS7rY/getUpdates "HTTP/1.1 200 OK"
2025-03-16 12:24:33,646 - httpx - INFO - HTTP Request: POST https://api.telegram.org/bot7688760570:AAFxql5tfEBIkBvwche2Zj_74zRUuVlS7rY/getUpdates "HTTP/1.1 200 OK"
2025-03-16 12:24:43,865 - httpx - INFO - HTTP Request: POST https://api.telegram.org/bot7688760570:AAFxql5tfEBIkBvwche2Zj_74zRUuVlS7rY/getUpdates "HTTP/1.1 200 OK"
2025-03-16 12:24:54,029 - httpx - INFO - HTTP Request: POST https://api.telegram.org/bot7688760570:AAFxql5tfEBIkBvwche2Zj_74zRUuVlS7rY/getUpdates "HTTP/1.1 200 OK"
2025-03-16 12:25:04,212 - httpx - INFO - HTTP Request: POST https://api.telegram.org/bot7688760570:AAFxql5tfEBIkBvwche2Zj_74zRUuVlS7rY/getUpdates "HTTP/1.1 200 OK"
2025-03-16 12:25:14,374 - httpx - INFO - HTTP Request: POST https://api.telegram.org/bot7688760570:AAFxql5tfEBIkBvwche2Zj_74zRUuVlS7rY/getUpdates "HTTP/1.1 200 OK"
2025-03-16 12:25:24,532 - httpx - INFO - HTTP Request: POST https://api.telegram.org/bot7688760570:AAFxql5tfEBIkBvwche2Zj_74zRUuVlS7rY/getUpdates "HTTP/1.1 200 OK"
2025-03-16 12:25:34,688 - httpx - INFO - HTTP Request: POST https://api.telegram.org/bot7688760570:AAFxql5tfEBIkBvwche2Zj_74zRUuVlS7rY/getUpdates "HTTP/1.1 200 OK"
2025-03-16 12:25:44,880 - httpx - INFO - HTTP Request: POST https://api.telegram.org/bot7688760570:AAFxql5tfEBIkBvwche2Zj_74zRUuVlS7rY/getUpdates "HTTP/1.1 200 OK"
2025-03-16 12:25:55,044 - httpx - INFO - HTTP Request: POST https://api.telegram.org/bot7688760570:AAFxql5tfEBIkBvwche2Zj_74zRUuVlS7rY/getUpdates "HTTP/1.1 200 OK"
2025-03-16 12:26:05,205 - httpx - INFO - HTTP Request: POST https://api.telegram.org/bot7688760570:AAFxql5tfEBIkBvwche2Zj_74zRUuVlS7rY/getUpdates "HTTP/1.1 200 OK"
2025-03-16 12:26:15,363 - httpx - INFO - HTTP Request: POST https://api.telegram.org/bot7688760570:AAFxql5tfEBIkBvwche2Zj_74zRUuVlS7rY/getUpdates "HTTP/1.1 200 OK"
2025-03-16 12:26:25,531 - httpx - INFO - HTTP Request: POST https://api.telegram.org/bot7688760570:AAFxql5tfEBIkBvwche2Zj_74zRUuVlS7rY/getUpdates "HTTP/1.1 200 OK"
2025-03-16 12:26:35,695 - httpx - INFO - HTTP Request: POST https://api.telegram.org/bot7688760570:AAFxql5tfEBIkBvwche2Zj_74zRUuVlS7rY/getUpdates "HTTP/1.1 200 OK"
2025-03-16 12:26:45,860 - httpx - INFO - HTTP Request: POST https://api.telegram.org/bot7688760570:AAFxql5tfEBIkBvwche2Zj_74zRUuVlS7rY/getUpdates "HTTP/1.1 200 OK"
2025-03-16 12:26:56,023 - httpx - INFO - HTTP Request: POST https://api.telegram.org/bot7688760570:AAFxql5tfEBIkBvwche2Zj_74zRUuVlS7rY/getUpdates "HTTP/1.1 200 OK"
2025-03-16 12:27:06,184 - httpx - INFO - HTTP Request: POST https://api.telegram.org/bot7688760570:AAFxql5tfEBIkBvwche2Zj_74zRUuVlS7rY/getUpdates "HTTP/1.1 200 OK"
2025-03-16 12:27:16,361 - httpx - INFO - HTTP Request: POST https://api.telegram.org/bot7688760570:AAFxql5tfEBIkBvwche2Zj_74zRUuVlS7rY/getUpdates "HTTP/1.1 200 OK"
2025-03-16 12:27:26,530 - httpx - INFO - HTTP Request: POST https://api.telegram.org/bot7688760570:AAFxql5tfEBIkBvwche2Zj_74zRUuVlS7rY/getUpdates "HTTP/1.1 200 OK"
2025-03-16 12:27:36,698 - httpx - INFO - HTTP Request: POST https://api.telegram.org/bot7688760570:AAFxql5tfEBIkBvwche2Zj_74zRUuVlS7rY/getUpdates "HTTP/1.1 200 OK"
2025-03-16 12:27:46,864 - httpx - INFO - HTTP Request: POST https://api.telegram.org/bot7688760570:AAFxql5tfEBIkBvwche2Zj_74zRUuVlS7rY/getUpdates "HTTP/1.1 200 OK"
2025-03-16 12:27:57,029 - httpx - INFO - HTTP Request: POST https://api.telegram.org/bot7688760570:AAFxql5tfEBIkBvwche2Zj_74zRUuVlS7rY/getUpdates "HTTP/1.1 200 OK"
2025-03-16 12:28:07,192 - httpx - INFO - HTTP Request: POST https://api.telegram.org/bot7688760570:AAFxql5tfEBIkBvwche2Zj_74zRUuVlS7rY/getUpdates "HTTP/1.1 200 OK"
2025-03-16 12:28:17,365 - httpx - INFO - HTTP Request: POST https://api.telegram.org/bot7688760570:AAFxql5tfEBIkBvwche2Zj_74zRUuVlS7rY/getUpdates "HTTP/1.1 200 OK"
2025-03-16 12:28:27,546 - httpx - INFO - HTTP Request: POST https://api.telegram.org/bot7688760570:AAFxql5tfEBIkBvwche2Zj_74zRUuVlS7rY/getUpdates "HTTP/1.1 200 OK"
2025-03-16 12:28:37,713 - httpx - INFO - HTTP Request: POST https://api.telegram.org/bot7688760570:AAFxql5tfEBIkBvwche2Zj_74zRUuVlS7rY/getUpdates "HTTP/1.1 200 OK"
2025-03-16 12:28:47,878 - httpx - INFO - HTTP Request: POST https://api.telegram.org/bot7688760570:AAFxql5tfEBIkBvwche2Zj_74zRUuVlS7rY/getUpdates "HTTP/1.1 200 OK"
2025-03-16 12:28:58,045 - httpx - INFO - HTTP Request: POST https://api.telegram.org/bot7688760570:AAFxql5tfEBIkBvwche2Zj_74zRUuVlS7rY/getUpdates "HTTP/1.1 200 OK"
2025-03-16 12:29:08,211 - httpx - INFO - HTTP Request: POST https://api.telegram.org/bot7688760570:AAFxql5tfEBIkBvwche2Zj_74zRUuVlS7rY/getUpdates "HTTP/1.1 200 OK"
2025-03-16 12:29:18,368 - httpx - INFO - HTTP Request: POST https://api.telegram.org/bot7688760570:AAFxql5tfEBIkBvwche2Zj_74zRUuVlS7rY/getUpdates "HTTP/1.1 200 OK"
2025-03-16 12:29:28,527 - httpx - INFO - HTTP Request: POST https://api.telegram.org/bot7688760570:AAFxql5tfEBIkBvwche2Zj_74zRUuVlS7rY/getUpdates "HTTP/1.1 200 OK"
2025-03-16 12:29:38,685 - httpx - INFO - HTTP Request: POST https://api.telegram.org/bot7688760570:AAFxql5tfEBIkBvwche2Zj_74zRUuVlS7rY/getUpdates "HTTP/1.1 200 OK"
2025-03-16 12:29:48,843 - httpx - INFO - HTTP Request: POST https://api.telegram.org/bot7688760570:AAFxql5tfEBIkBvwche2Zj_74zRUuVlS7rY/getUpdates "HTTP/1.1 200 OK"
2025-03-16 12:29:59,029 - httpx - INFO - HTTP Request: POST https://api.telegram.org/bot7688760570:AAFxql5tfEBIkBvwche2Zj_74zRUuVlS7rY/getUpdates "HTTP/1.1 200 OK"
2025-03-16 12:30:09,198 - httpx - INFO - HTTP Request: POST https://api.telegram.org/bot7688760570:AAFxql5tfEBIkBvwche2Zj_74zRUuVlS7rY/getUpdates "HTTP/1.1 200 OK"
2025-03-16 12:30:19,363 - httpx - INFO - HTTP Request: POST https://api.telegram.org/bot7688760570:AAFxql5tfEBIkBvwche2Zj_74zRUuVlS7rY/getUpdates "HTTP/1.1 200 OK"
2025-03-16 12:30:29,535 - httpx - INFO - HTTP Request: POST https://api.telegram.org/bot7688760570:AAFxql5tfEBIkBvwche2Zj_74zRUuVlS7rY/getUpdates "HTTP/1.1 200 OK"
2025-03-16 12:30:39,696 - httpx - INFO - HTTP Request: POST https://api.telegram.org/bot7688760570:AAFxql5tfEBIkBvwche2Zj_74zRUuVlS7rY/getUpdates "HTTP/1.1 200 OK"
2025-03-16 12:30:49,860 - httpx - INFO - HTTP Request: POST https://api.telegram.org/bot7688760570:AAFxql5tfEBIkBvwche2Zj_74zRUuVlS7rY/getUpdates "HTTP/1.1 200 OK"
2025-03-16 12:31:00,034 - httpx - INFO - HTTP Request: POST https://api.telegram.org/bot7688760570:AAFxql5tfEBIkBvwche2Zj_74zRUuVlS7rY/getUpdates "HTTP/1.1 200 OK"
2025-03-16 12:31:10,217 - httpx - INFO - HTTP Request: POST https://api.telegram.org/bot7688760570:AAFxql5tfEBIkBvwche2Zj_74zRUuVlS7rY/getUpdates "HTTP/1.1 200 OK"
2025-03-16 12:31:20,388 - httpx - INFO - HTTP Request: POST https://api.telegram.org/bot7688760570:AAFxql5tfEBIkBvwche2Zj_74zRUuVlS7rY/getUpdates "HTTP/1.1 200 OK"
2025-03-16 12:31:30,546 - httpx - INFO - HTTP Request: POST https://api.telegram.org/bot7688760570:AAFxql5tfEBIkBvwche2Zj_74zRUuVlS7rY/getUpdates "HTTP/1.1 200 OK"
2025-03-16 12:31:40,711 - httpx - INFO - HTTP Request: POST https://api.telegram.org/bot7688760570:AAFxql5tfEBIkBvwche2Zj_74zRUuVlS7rY/getUpdates "HTTP/1.1 200 OK"
2025-03-16 12:31:50,876 - httpx - INFO - HTTP Request: POST https://api.telegram.org/bot7688760570:AAFxql5tfEBIkBvwche2Zj_74zRUuVlS7rY/getUpdates "HTTP/1.1 200 OK"
2025-03-16 12:32:01,032 - httpx - INFO - HTTP Request: POST https://api.telegram.org/bot7688760570:AAFxql5tfEBIkBvwche2Zj_74zRUuVlS7rY/getUpdates "HTTP/1.1 200 OK"
2025-03-16 12:32:11,203 - httpx - INFO - HTTP Request: POST https://api.telegram.org/bot7688760570:AAFxql5tfEBIkBvwche2Zj_74zRUuVlS7rY/getUpdates "HTTP/1.1 200 OK"
2025-03-16 12:32:21,366 - httpx - INFO - HTTP Request: POST https://api.telegram.org/bot7688760570:AAFxql5tfEBIkBvwche2Zj_74zRUuVlS7rY/getUpdates "HTTP/1.1 200 OK"
2025-03-16 12:32:31,530 - httpx - INFO - HTTP Request: POST https://api.telegram.org/bot7688760570:AAFxql5tfEBIkBvwche2Zj_74zRUuVlS7rY/getUpdates "HTTP/1.1 200 OK"
2025-03-16 12:32:41,693 - httpx - INFO - HTTP Request: POST https://api.telegram.org/bot7688760570:AAFxql5tfEBIkBvwche2Zj_74zRUuVlS7rY/getUpdates "HTTP/1.1 200 OK"
2025-03-16 12:32:51,855 - httpx - INFO - HTTP Request: POST https://api.telegram.org/bot7688760570:AAFxql5tfEBIkBvwche2Zj_74zRUuVlS7rY/getUpdates "HTTP/1.1 200 OK"
2025-03-16 12:33:02,018 - httpx - INFO - HTTP Request: POST https://api.telegram.org/bot7688760570:AAFxql5tfEBIkBvwche2Zj_74zRUuVlS7rY/getUpdates "HTTP/1.1 200 OK"
2025-03-16 12:33:12,181 - httpx - INFO - HTTP Request: POST https://api.telegram.org/bot7688760570:AAFxql5tfEBIkBvwche2Zj_74zRUuVlS7rY/getUpdates "HTTP/1.1 200 OK"
2025-03-16 12:33:22,342 - httpx - INFO - HTTP Request: POST https://api.telegram.org/bot7688760570:AAFxql5tfEBIkBvwche2Zj_74zRUuVlS7rY/getUpdates "HTTP/1.1 200 OK"
